[debug] [2019-02-22T18:25:21.502Z] ----------------------------------------------------------------------
[debug] [2019-02-22T18:25:21.504Z] Command:       /usr/local/bin/node /usr/local/bin/firebase serve
[debug] [2019-02-22T18:25:21.504Z] CLI Version:   6.3.1
[debug] [2019-02-22T18:25:21.504Z] Platform:      darwin
[debug] [2019-02-22T18:25:21.505Z] Node Version:  v10.15.1
[debug] [2019-02-22T18:25:21.508Z] Time:          Fri Feb 22 2019 19:25:21 GMT+0100 (Central European Standard Time)
[debug] [2019-02-22T18:25:21.508Z] ----------------------------------------------------------------------
[debug] 
[debug] [2019-02-22T18:25:21.526Z] > command requires scopes: ["email","openid","https://www.googleapis.com/auth/cloudplatformprojects.readonly","https://www.googleapis.com/auth/firebase","https://www.googleapis.com/auth/cloud-platform"]
[debug] [2019-02-22T18:25:21.527Z] > authorizing via signed-in user
[debug] [2019-02-22T18:25:21.527Z] [iam] checking project scoresbutler-9ff30 for permissions ["firebase.projects.get"]
[debug] [2019-02-22T18:25:21.529Z] > refreshing access token with scopes: ["email","https://www.googleapis.com/auth/cloud-platform","https://www.googleapis.com/auth/cloudplatformprojects.readonly","https://www.googleapis.com/auth/firebase","openid"]
[debug] [2019-02-22T18:25:21.530Z] >>> HTTP REQUEST POST https://www.googleapis.com/oauth2/v3/token  
 <request body omitted>
[debug] [2019-02-22T18:25:21.925Z] <<< HTTP RESPONSE 200
[debug] [2019-02-22T18:25:21.952Z] >>> HTTP REQUEST POST https://cloudresourcemanager.googleapis.com/v1/projects/scoresbutler-9ff30:testIamPermissions  

[debug] [2019-02-22T18:25:23.117Z] <<< HTTP RESPONSE 200
[debug] [2019-02-22T18:25:23.118Z] >>> HTTP REQUEST GET https://cloudresourcemanager.googleapis.com/v1/projects/scoresbutler-9ff30  
 
[debug] [2019-02-22T18:25:24.167Z] <<< HTTP RESPONSE 200
[info] 
[info] === Serving from '/Users/bjorntvedten/Documents/NTNU/V2019/IT2901/bachelor/it2901_2018_SheetMusic'...
[info] 
[info] i  functions: Preparing to emulate functions.
[debug] [2019-02-22T18:25:25.067Z] Fetching environment
[debug] [2019-02-22T18:25:25.069Z] >>> HTTP REQUEST GET https://mobilesdk-pa.googleapis.com/v1/projects/60488644815:getServerAppConfig  
 
[debug] [2019-02-22T18:25:25.070Z] >>> HTTP REQUEST GET https://mobilesdk-pa.googleapis.com/v1/projects/60488644815/clients/_:getWebAppConfig  
 
[debug] [2019-02-22T18:25:27.853Z] <<< HTTP RESPONSE 200
[debug] [2019-02-22T18:25:27.854Z] Starting @google-cloud/functions-emulator
[debug] [2019-02-22T18:25:27.964Z] <<< HTTP RESPONSE 200
[info] i  hosting: Serving hosting files from: hosting/build
[info] ✔  hosting: Local server: http://localhost:5000
[debug] [2019-02-22T18:25:29.434Z] Parsing function triggers
[info] ✔  functions: uploadFromDropbox: http://localhost:5001/scoresbutler-9ff30/us-central1/uploadFromDropbox
[info] ✔  functions: analyzePDF: http://localhost:5001/scoresbutler-9ff30/us-central1/analyzePDF
[info] ✔  functions: generatePDF: http://localhost:5001/scoresbutler-9ff30/us-central1/generatePDF
